<?xml version="1.0" encoding="UTF-8"?>
<!-- Generated by org.testng.reporters.JUnitXMLReporter -->
<testsuite hostname="LAPTOP-RPHCVH4A" ignored="0" name="Test" tests="1" failures="1" timestamp="2020-08-28T09:57:14 MDT" time="27.363" errors="0">
  <testcase name="Select_Display_Layout" time="11.352" classname="com.sdfc.qa.testcases.SettingPageTest">
    <failure type="org.openqa.selenium.NoSuchElementException" message="Cannot locate option with text: Campaigns
For documentation on this error, please visit: https://selenium.dev/exceptions/#no_such_element
Build info: version: &amp;apos;4.0.0-alpha-6&amp;apos;, revision: &amp;apos;5f43a29cfc&amp;apos;
System info: host: &amp;apos;LAPTOP-RPHCVH4A&amp;apos;, ip: &amp;apos;10.212.23.183&amp;apos;, os.name: &amp;apos;Windows 10&amp;apos;, os.arch: &amp;apos;amd64&amp;apos;, os.version: &amp;apos;10.0&amp;apos;, java.version: &amp;apos;1.8.0_231&amp;apos;
Driver info: driver.version: unknown">
      <![CDATA[org.openqa.selenium.NoSuchElementException: Cannot locate option with text: Campaigns
For documentation on this error, please visit: https://selenium.dev/exceptions/#no_such_element
Build info: version: '4.0.0-alpha-6', revision: '5f43a29cfc'
System info: host: 'LAPTOP-RPHCVH4A', ip: '10.212.23.183', os.name: 'Windows 10', os.arch: 'amd64', os.version: '10.0', java.version: '1.8.0_231'
Driver info: driver.version: unknown
at org.openqa.selenium.support.ui.Select.selectByVisibleText(Select.java:151)
at com.sdfc.qa.util.TestUtil.SelectElement(TestUtil.java:94)
at com.sdfc.qa.pages.SettingPage.DisplayLayout(SettingPage.java:38)
at com.sdfc.qa.testcases.SettingPageTest.Select_Display_Layout(SettingPageTest.java:61)
at java.util.concurrent.ThreadPoolExecutor.runWorker(ThreadPoolExecutor.java:1149)
at java.util.concurrent.ThreadPoolExecutor$Worker.run(ThreadPoolExecutor.java:624)
at java.lang.Thread.run(Thread.java:748)
... Removed 12 stack frames]]>
    </failure>
  </testcase> <!-- Select_Display_Layout -->
</testsuite> <!-- Test -->
